Arguments: 
  /Users/frank/.nvm/versions/node/v14.17.0/bin/node /Users/frank/.nvm/versions/node/v14.17.0/bin/yarn add @fortawesome/fontawesome-free

PATH: 
  /usr/local/bin:/Users/frank/.nvm/versions/node/v14.17.0/bin:/Users/frank/.rbenv/shims:/opt/homebrew/bin:/usr/local/bin:/usr/bin:/bin:/usr/sbin:/sbin

Yarn version: 
  1.22.17

Node version: 
  14.17.0

Platform: 
  darwin x64

Trace: 
  Error: incorrect data check
      at Zlib.zlibOnError [as onerror] (zlib.js:181:17)

npm manifest: 
  {
    "dependencies": {
      "bootstrap-icons": "^1.7.2"
    }
  }

yarn manifest: 
  No manifest

Lockfile: 
  # THIS IS AN AUTOGENERATED FILE. DO NOT EDIT THIS FILE DIRECTLY.
  # yarn lockfile v1
  
  
  bootstrap-icons@^1.7.2:
    version "1.7.2"
    resolved "https://registry.yarnpkg.com/bootstrap-icons/-/bootstrap-icons-1.7.2.tgz#4024e081e2c850602552e1fed6451e682d09322a"
    integrity sha512-NiR2PqC73AQOPdVSu6GJfnk+hN2z6powcistXk1JgPnKuoV2FSdSl26w931Oz9HYbKCcKUSB6ncZTYJAYJl3QQ==
